NUM_PROCESSES=4
CUDA_VISIBLE_DEVICES=0,1,2,3
Multi-GPU mode enabled (stats + gradient accumulation)
Wed Mar 11 19:23:34 2026       
+-----------------------------------------------------------------------------------------+
| NVIDIA-SMI 570.124.06             Driver Version: 570.124.06     CUDA Version: 12.8     |
|-----------------------------------------+------------------------+----------------------+
| GPU  Name                 Persistence-M | Bus-Id          Disp.A | Volatile Uncorr. ECC |
| Fan  Temp   Perf          Pwr:Usage/Cap |           Memory-Usage | GPU-Util  Compute M. |
|                                         |                        |               MIG M. |
|=========================================+========================+======================|
|   0  Tesla T4                       Off |   00000000:00:04.0 Off |                    0 |
| N/A   62C    P8             10W /   70W |       1MiB /  15360MiB |      0%      Default |
|                                         |                        |                  N/A |
+-----------------------------------------+------------------------+----------------------+
|   1  Tesla T4                       Off |   00000000:00:05.0 Off |                    0 |
| N/A   67C    P8             13W /   70W |       1MiB /  15360MiB |      0%      Default |
|                                         |                        |                  N/A |
+-----------------------------------------+------------------------+----------------------+
|   2  Tesla T4                       Off |   00000000:00:06.0 Off |                    0 |
| N/A   68C    P8             13W /   70W |       1MiB /  15360MiB |      0%      Default |
|                                         |                        |                  N/A |
+-----------------------------------------+------------------------+----------------------+
|   3  Tesla T4                       Off |   00000000:00:07.0 Off |                    0 |
| N/A   65C    P8             13W /   70W |       1MiB /  15360MiB |      0%      Default |
|                                         |                        |                  N/A |
+-----------------------------------------+------------------------+----------------------+
                                                                                         
+-----------------------------------------------------------------------------------------+
| Processes:                                                                              |
|  GPU   GI   CI              PID   Type   Process name                        GPU Memory |
|        ID   ID                                                               Usage      |
|=========================================================================================|
|  No running processes found                                                             |
+-----------------------------------------------------------------------------------------+
Inside container on  slurm-static-1-55  at  Wed Mar 11 19:23:36 UTC 2026
COMMAND: accelerate launch  --multi_gpu --num_machines=1 --num_processes 4 /accelerate_scripts/mobilevit-train_mgpu_stats_gradacc.py
Epoch 1, Loss: 2.3057
Epoch 2, Loss: 2.3046
Epoch 3, Loss: 2.3055

Done. world_size=4 global_images=12288 time=44.17s global_throughput=278.2 img/s gradient_accumulation_steps=4

======================================================================
[RANK 0/4] host=slurm-static-1-55 local_rank=0 device=cuda:0 gpu=Tesla T4
  local_images=3072 local_throughput=69.6 img/s
  CPU RSS: start=553.84 MiB  end=2.08 GiB  peak~=1.73 GiB
  GPU mem: alloc=140.91 MiB  reserved=6.37 GiB  peak_alloc=5.82 GiB  peak_reserved=6.37 GiB
----------------------------------------------------------------------
-------------------------------------------------------  ------------  ------------  ------------  ------------  ------------  ------------  ------------  ------------  ------------  ------------  
                                                   Name    Self CPU %      Self CPU   CPU total %     CPU total  CPU time avg     Self CUDA   Self CUDA %    CUDA total  CUDA time avg    # of Calls  
-------------------------------------------------------  ------------  ------------  ------------  ------------  ------------  ------------  ------------  ------------  ------------  ------------  
ncclDevKernel_AllReduce_Sum_f32_RING_LL(ncclDevComm*...         0.00%       0.000us         0.00%       0.000us       0.000us       10.197s        24.55%       10.197s     192.396ms            53  
void cudnn::bn_bw_1C11_kernel_new<float, float, floa...         0.00%       0.000us         0.00%       0.000us       0.000us        3.348s         8.06%        3.348s       2.491ms          1344  
                                   volta_sgemm_64x64_tn         0.00%       0.000us         0.00%       0.000us       0.000us        2.963s         7.13%        2.963s     593.636us          4992  
void cudnn::bn_fw_tr_1C11_kernel_NCHW<float, float, ...         0.00%       0.000us         0.00%       0.000us       0.000us        2.001s         4.82%        2.001s       1.489ms          1344  
void at::native::vectorized_elementwise_kernel<4, at...         0.00%       0.000us         0.00%       0.000us       0.000us        1.827s         4.40%        1.827s     613.962us          2976  
                                   volta_sgemm_64x64_nn         0.00%       0.000us         0.00%       0.000us       0.000us        1.456s         3.50%        1.456s     352.679us          4128  
void at::native::(anonymous namespace)::conv_depthwi...         0.00%       0.000us         0.00%       0.000us       0.000us        1.441s         3.47%        1.441s       3.753ms           384  
                                  volta_sgemm_128x64_nt         0.00%       0.000us         0.00%       0.000us       0.000us        1.407s         3.39%        1.407s     418.831us          3360  
                                   volta_sgemm_64x64_nt         0.00%       0.000us         0.00%       0.000us       0.000us        1.326s         3.19%        1.326s     276.214us          4800  
void at::native::(anonymous namespace)::conv_depthwi...         0.00%       0.000us         0.00%       0.000us       0.000us        1.305s         3.14%        1.305s       1.942ms           672  
void at::native::vectorized_elementwise_kernel<4, at...         0.00%       0.000us         0.00%       0.000us       0.000us        1.289s         3.10%        1.289s     394.954us          3264  
void at::native::(anonymous namespace)::conv_depthwi...         0.00%       0.000us         0.00%       0.000us       0.000us        1.134s         2.73%        1.134s       3.936ms           288  
                                  volta_sgemm_128x64_nn         0.00%       0.000us         0.00%       0.000us       0.000us        1.107s         2.67%        1.107s     720.803us          1536  
void at::native::(anonymous namespace)::conv_depthwi...         0.00%       0.000us         0.00%       0.000us       0.000us        1.008s         2.43%        1.008s       1.500ms           672  
void at::native::elementwise_kernel<128, 2, at::nati...         0.00%       0.000us         0.00%       0.000us       0.000us     837.945ms         2.02%     837.945ms      90.923us          9216  
-------------------------------------------------------  ------------  ------------  ------------  ------------  ------------  ------------  ------------  ------------  ------------  ------------  
Self CPU time total: 28.569s
Self CUDA time total: 41.540s

======================================================================
======================================================================
[RANK 1/4] host=slurm-static-1-55 local_rank=1 device=cuda:1 gpu=Tesla T4
  local_images=3072 local_throughput=69.6 img/s
  CPU RSS: start=650.64 MiB  end=2.09 GiB  peak~=1.74 GiB
  GPU mem: alloc=140.91 MiB  reserved=6.37 GiB  peak_alloc=5.82 GiB  peak_reserved=6.37 GiB
----------------------------------------------------------------------
-------------------------------------------------------  ------------  ------------  ------------  ------------  ------------  ------------  ------------  ------------  ------------  ------------  
                                                   Name    Self CPU %      Self CPU   CPU total %     CPU total  CPU time avg     Self CUDA   Self CUDA %    CUDA total  CUDA time avg    # of Calls  
-------------------------------------------------------  ------------  ------------  ------------  ------------  ------------  ------------  ------------  ------------  ------------  ------------  
                                   volta_sgemm_64x64_tn         0.00%       0.000us         0.00%       0.000us       0.000us        3.747s        10.23%        3.747s     750.552us          4992  
void cudnn::bn_bw_1C11_kernel_new<float, float, floa...         0.00%       0.000us         0.00%       0.000us       0.000us        3.410s         9.31%        3.410s       2.537ms          1344  
void cudnn::bn_fw_tr_1C11_kernel_NCHW<float, float, ...         0.00%       0.000us         0.00%       0.000us       0.000us        2.014s         5.50%        2.014s       1.498ms          1344  
void at::native::(anonymous namespace)::conv_depthwi...         0.00%       0.000us         0.00%       0.000us       0.000us        1.948s         5.32%        1.948s       5.072ms           384  
void at::native::vectorized_elementwise_kernel<4, at...         0.00%       0.000us         0.00%       0.000us       0.000us        1.823s         4.98%        1.823s     612.607us          2976  
                                  volta_sgemm_128x64_nt         0.00%       0.000us         0.00%       0.000us       0.000us        1.783s         4.87%        1.783s     530.702us          3360  
                                   volta_sgemm_64x64_nn         0.00%       0.000us         0.00%       0.000us       0.000us        1.778s         4.86%        1.778s     430.809us          4128  
void at::native::(anonymous namespace)::conv_depthwi...         0.00%       0.000us         0.00%       0.000us       0.000us        1.631s         4.45%        1.631s       2.428ms           672  
                                   volta_sgemm_64x64_nt         0.00%       0.000us         0.00%       0.000us       0.000us        1.600s         4.37%        1.600s     333.368us          4800  
void at::native::(anonymous namespace)::conv_depthwi...         0.00%       0.000us         0.00%       0.000us       0.000us        1.503s         4.10%        1.503s       5.219ms           288  
                                  volta_sgemm_128x64_nn         0.00%       0.000us         0.00%       0.000us       0.000us        1.326s         3.62%        1.326s     863.470us          1536  
void at::native::vectorized_elementwise_kernel<4, at...         0.00%       0.000us         0.00%       0.000us       0.000us        1.277s         3.49%        1.277s     391.332us          3264  
void at::native::(anonymous namespace)::conv_depthwi...         0.00%       0.000us         0.00%       0.000us       0.000us        1.240s         3.39%        1.240s       1.845ms           672  
void wgrad_alg0_engine<float, 128, 6, 7, 3, 3, 5, fa...         0.00%       0.000us         0.00%       0.000us       0.000us        1.007s         2.75%        1.007s       3.496ms           288  
void at::native::elementwise_kernel<128, 2, at::nati...         0.00%       0.000us         0.00%       0.000us       0.000us     965.627ms         2.64%     965.627ms     104.777us          9216  
-------------------------------------------------------  ------------  ------------  ------------  ------------  ------------  ------------  ------------  ------------  ------------  ------------  
Self CPU time total: 28.244s
Self CUDA time total: 36.627s

======================================================================
======================================================================
[RANK 2/4] host=slurm-static-1-55 local_rank=2 device=cuda:2 gpu=Tesla T4
  local_images=3072 local_throughput=69.6 img/s
  CPU RSS: start=654.61 MiB  end=2.10 GiB  peak~=1.75 GiB
  GPU mem: alloc=140.91 MiB  reserved=6.37 GiB  peak_alloc=5.82 GiB  peak_reserved=6.37 GiB
----------------------------------------------------------------------
-------------------------------------------------------  ------------  ------------  ------------  ------------  ------------  ------------  ------------  ------------  ------------  ------------  
                                                   Name    Self CPU %      Self CPU   CPU total %     CPU total  CPU time avg     Self CUDA   Self CUDA %    CUDA total  CUDA time avg    # of Calls  
-------------------------------------------------------  ------------  ------------  ------------  ------------  ------------  ------------  ------------  ------------  ------------  ------------  
                                   volta_sgemm_64x64_tn         0.00%       0.000us         0.00%       0.000us       0.000us        3.497s         9.22%        3.497s     700.484us          4992  
void cudnn::bn_bw_1C11_kernel_new<float, float, floa...         0.00%       0.000us         0.00%       0.000us       0.000us        3.393s         8.95%        3.393s       2.525ms          1344  
ncclDevKernel_AllReduce_Sum_f32_RING_LL(ncclDevComm*...         0.00%       0.000us         0.00%       0.000us       0.000us        3.104s         8.19%        3.104s      58.572ms            53  
void cudnn::bn_fw_tr_1C11_kernel_NCHW<float, float, ...         0.00%       0.000us         0.00%       0.000us       0.000us        2.009s         5.30%        2.009s       1.495ms          1344  
void at::native::vectorized_elementwise_kernel<4, at...         0.00%       0.000us         0.00%       0.000us       0.000us        1.825s         4.81%        1.825s     613.080us          2976  
void at::native::(anonymous namespace)::conv_depthwi...         0.00%       0.000us         0.00%       0.000us       0.000us        1.802s         4.75%        1.802s       4.694ms           384  
                                  volta_sgemm_128x64_nt         0.00%       0.000us         0.00%       0.000us       0.000us        1.694s         4.47%        1.694s     504.026us          3360  
                                   volta_sgemm_64x64_nn         0.00%       0.000us         0.00%       0.000us       0.000us        1.659s         4.37%        1.659s     401.789us          4128  
void at::native::(anonymous namespace)::conv_depthwi...         0.00%       0.000us         0.00%       0.000us       0.000us        1.530s         4.03%        1.530s       2.277ms           672  
                                   volta_sgemm_64x64_nt         0.00%       0.000us         0.00%       0.000us       0.000us        1.514s         3.99%        1.514s     315.433us          4800  
void at::native::(anonymous namespace)::conv_depthwi...         0.00%       0.000us         0.00%       0.000us       0.000us        1.396s         3.68%        1.396s       4.847ms           288  
void at::native::vectorized_elementwise_kernel<4, at...         0.00%       0.000us         0.00%       0.000us       0.000us        1.283s         3.38%        1.283s     393.123us          3264  
                                  volta_sgemm_128x64_nn         0.00%       0.000us         0.00%       0.000us       0.000us        1.237s         3.26%        1.237s     805.450us          1536  
void at::native::(anonymous namespace)::conv_depthwi...         0.00%       0.000us         0.00%       0.000us       0.000us        1.137s         3.00%        1.137s       1.692ms           672  
void wgrad_alg0_engine<float, 128, 6, 7, 3, 3, 5, fa...         0.00%       0.000us         0.00%       0.000us       0.000us     938.967ms         2.48%     938.967ms       3.260ms           288  
-------------------------------------------------------  ------------  ------------  ------------  ------------  ------------  ------------  ------------  ------------  ------------  ------------  
Self CPU time total: 27.627s
Self CUDA time total: 37.916s

======================================================================
======================================================================
[RANK 3/4] host=slurm-static-1-55 local_rank=3 device=cuda:3 gpu=Tesla T4
  local_images=3072 local_throughput=69.6 img/s
  CPU RSS: start=654.99 MiB  end=2.08 GiB  peak~=1.73 GiB
  GPU mem: alloc=140.91 MiB  reserved=6.37 GiB  peak_alloc=5.82 GiB  peak_reserved=6.37 GiB
----------------------------------------------------------------------
-------------------------------------------------------  ------------  ------------  ------------  ------------  ------------  ------------  ------------  ------------  ------------  ------------  
                                                   Name    Self CPU %      Self CPU   CPU total %     CPU total  CPU time avg     Self CUDA   Self CUDA %    CUDA total  CUDA time avg    # of Calls  
-------------------------------------------------------  ------------  ------------  ------------  ------------  ------------  ------------  ------------  ------------  ------------  ------------  
ncclDevKernel_AllReduce_Sum_f32_RING_LL(ncclDevComm*...         0.00%       0.000us         0.00%       0.000us       0.000us        7.951s        19.99%        7.951s     150.027ms            53  
void cudnn::bn_bw_1C11_kernel_new<float, float, floa...         0.00%       0.000us         0.00%       0.000us       0.000us        3.348s         8.42%        3.348s       2.491ms          1344  
                                   volta_sgemm_64x64_tn         0.00%       0.000us         0.00%       0.000us       0.000us        2.949s         7.41%        2.949s     590.731us          4992  
void cudnn::bn_fw_tr_1C11_kernel_NCHW<float, float, ...         0.00%       0.000us         0.00%       0.000us       0.000us        2.000s         5.03%        2.000s       1.488ms          1344  
void at::native::vectorized_elementwise_kernel<4, at...         0.00%       0.000us         0.00%       0.000us       0.000us        1.826s         4.59%        1.826s     613.486us          2976  
                                   volta_sgemm_64x64_nn         0.00%       0.000us         0.00%       0.000us       0.000us        1.457s         3.66%        1.457s     353.019us          4128  
void at::native::(anonymous namespace)::conv_depthwi...         0.00%       0.000us         0.00%       0.000us       0.000us        1.415s         3.56%        1.415s       3.685ms           384  
                                  volta_sgemm_128x64_nt         0.00%       0.000us         0.00%       0.000us       0.000us        1.397s         3.51%        1.397s     415.790us          3360  
                                   volta_sgemm_64x64_nt         0.00%       0.000us         0.00%       0.000us       0.000us        1.336s         3.36%        1.336s     278.263us          4800  
void at::native::(anonymous namespace)::conv_depthwi...         0.00%       0.000us         0.00%       0.000us       0.000us        1.311s         3.29%        1.311s       1.950ms           672  
void at::native::vectorized_elementwise_kernel<4, at...         0.00%       0.000us         0.00%       0.000us       0.000us        1.291s         3.25%        1.291s     395.635us          3264  
void at::native::(anonymous namespace)::conv_depthwi...         0.00%       0.000us         0.00%       0.000us       0.000us        1.118s         2.81%        1.118s       3.883ms           288  
                                  volta_sgemm_128x64_nn         0.00%       0.000us         0.00%       0.000us       0.000us        1.093s         2.75%        1.093s     711.822us          1536  
void at::native::(anonymous namespace)::conv_depthwi...         0.00%       0.000us         0.00%       0.000us       0.000us     979.907ms         2.46%     979.907ms       1.458ms           672  
void at::native::elementwise_kernel<128, 2, at::nati...         0.00%       0.000us         0.00%       0.000us       0.000us     836.933ms         2.10%     836.933ms      90.813us          9216  
-------------------------------------------------------  ------------  ------------  ------------  ------------  ------------  ------------  ------------  ------------  ------------  ------------  
Self CPU time total: 26.759s
Self CUDA time total: 39.782s

======================================================================
