NUM_PROCESSES=1
CUDA_VISIBLE_DEVICES=0
Single-GPU mode
Wed Mar 11 19:09:50 2026       
+-----------------------------------------------------------------------------------------+
| NVIDIA-SMI 570.124.06             Driver Version: 570.124.06     CUDA Version: 12.8     |
|-----------------------------------------+------------------------+----------------------+
| GPU  Name                 Persistence-M | Bus-Id          Disp.A | Volatile Uncorr. ECC |
| Fan  Temp   Perf          Pwr:Usage/Cap |           Memory-Usage | GPU-Util  Compute M. |
|                                         |                        |               MIG M. |
|=========================================+========================+======================|
|   0  Tesla T4                       Off |   00000000:00:04.0 Off |                    0 |
| N/A   61C    P8             13W /   70W |       1MiB /  15360MiB |      0%      Default |
|                                         |                        |                  N/A |
+-----------------------------------------+------------------------+----------------------+
                                                                                         
+-----------------------------------------------------------------------------------------+
| Processes:                                                                              |
|  GPU   GI   CI              PID   Type   Process name                        GPU Memory |
|        ID   ID                                                               Usage      |
|=========================================================================================|
|  No running processes found                                                             |
+-----------------------------------------------------------------------------------------+
Inside container on  slurm-static-1-45  at  Wed Mar 11 19:09:50 UTC 2026
COMMAND: accelerate launch  --num_machines=1 --num_processes 1 /accelerate_scripts/mobilevit-train_mgpu_stats2.py
Epoch 1, Loss: 2.3081
Epoch 2, Loss: 2.3062
Epoch 3, Loss: 2.3058

Done. world_size=1 global_images=12288 time=165.95s global_throughput=74.0 img/s

======================================================================
[RANK 0/1] host=slurm-static-1-45 local_rank=0 device=cuda gpu=Tesla T4
  local_images=12288 local_throughput=74.0 img/s
  CPU RSS: start=540.16 MiB  end=2.82 GiB  peak~=1.74 GiB
  GPU mem: alloc=141.86 MiB  reserved=6.35 GiB  peak_alloc=5.78 GiB  peak_reserved=6.35 GiB
----------------------------------------------------------------------
-------------------------------------------------------  ------------  ------------  ------------  ------------  ------------  ------------  ------------  ------------  ------------  ------------  
                                                   Name    Self CPU %      Self CPU   CPU total %     CPU total  CPU time avg     Self CUDA   Self CUDA %    CUDA total  CUDA time avg    # of Calls  
-------------------------------------------------------  ------------  ------------  ------------  ------------  ------------  ------------  ------------  ------------  ------------  ------------  
                                   volta_sgemm_64x64_tn         0.00%       0.000us         0.00%       0.000us       0.000us       16.648s        10.68%       16.648s     833.752us         19968  
void cudnn::bn_bw_1C11_kernel_new<float, float, floa...         0.00%       0.000us         0.00%       0.000us       0.000us       13.744s         8.82%       13.744s       2.557ms          5376  
void at::native::(anonymous namespace)::conv_depthwi...         0.00%       0.000us         0.00%       0.000us       0.000us        8.625s         5.53%        8.625s       5.615ms          1536  
void cudnn::bn_fw_tr_1C11_kernel_NCHW<float, float, ...         0.00%       0.000us         0.00%       0.000us       0.000us        8.133s         5.22%        8.133s       1.513ms          5376  
                                   volta_sgemm_64x64_nn         0.00%       0.000us         0.00%       0.000us       0.000us        8.010s         5.14%        8.010s     485.132us         16512  
                                  volta_sgemm_128x64_nt         0.00%       0.000us         0.00%       0.000us       0.000us        7.884s         5.06%        7.884s     586.575us         13440  
void at::native::vectorized_elementwise_kernel<4, at...         0.00%       0.000us         0.00%       0.000us       0.000us        7.283s         4.67%        7.283s     611.811us         11904  
void at::native::(anonymous namespace)::conv_depthwi...         0.00%       0.000us         0.00%       0.000us       0.000us        7.111s         4.56%        7.111s       2.645ms          2688  
                                   volta_sgemm_64x64_nt         0.00%       0.000us         0.00%       0.000us       0.000us        7.100s         4.55%        7.100s     369.786us         19200  
void at::native::(anonymous namespace)::conv_depthwi...         0.00%       0.000us         0.00%       0.000us       0.000us        6.603s         4.24%        6.603s       5.731ms          1152  
                                  volta_sgemm_128x64_nn         0.00%       0.000us         0.00%       0.000us       0.000us        6.208s         3.98%        6.208s       1.010ms          6144  
void at::native::(anonymous namespace)::conv_depthwi...         0.00%       0.000us         0.00%       0.000us       0.000us        5.963s         3.83%        5.963s       2.218ms          2688  
void at::native::vectorized_elementwise_kernel<4, at...         0.00%       0.000us         0.00%       0.000us       0.000us        5.077s         3.26%        5.077s     388.879us         13056  
void wgrad_alg0_engine<float, 128, 6, 7, 3, 3, 5, fa...         0.00%       0.000us         0.00%       0.000us       0.000us        4.406s         2.83%        4.406s       3.825ms          1152  
void at::native::elementwise_kernel<128, 2, at::nati...         0.00%       0.000us         0.00%       0.000us       0.000us        4.188s         2.69%        4.188s     113.618us         36864  
-------------------------------------------------------  ------------  ------------  ------------  ------------  ------------  ------------  ------------  ------------  ------------  ------------  
Self CPU time total: 138.166s
Self CUDA time total: 155.891s

======================================================================
