2026-03-11 19:35:06,823 - launch.py - accelerate.commands.launch - WARNING - The following values were not passed to `accelerate launch` and had defaults used instead:
	`--mixed_precision` was set to a value of `'no'`
	`--dynamo_backend` was set to a value of `'no'`
To avoid this warning pass in values for each of the problematic parameters or run `accelerate config`.
Some weights of MobileViTForImageClassification were not initialized from the model checkpoint at apple/mobilevit-small and are newly initialized because the shapes did not match:
- classifier.weight: found shape torch.Size([1000, 640]) in the checkpoint and torch.Size([10, 640]) in the model instantiated
- classifier.bias: found shape torch.Size([1000]) in the checkpoint and torch.Size([10]) in the model instantiated
You should probably TRAIN this model on a down-stream task to be able to use it for predictions and inference.
Some weights of MobileViTForImageClassification were not initialized from the model checkpoint at apple/mobilevit-small and are newly initialized because the shapes did not match:
- classifier.weight: found shape torch.Size([1000, 640]) in the checkpoint and torch.Size([10, 640]) in the model instantiated
- classifier.bias: found shape torch.Size([1000]) in the checkpoint and torch.Size([10]) in the model instantiated
You should probably TRAIN this model on a down-stream task to be able to use it for predictions and inference.
Some weights of MobileViTForImageClassification were not initialized from the model checkpoint at apple/mobilevit-small and are newly initialized because the shapes did not match:
- classifier.weight: found shape torch.Size([1000, 640]) in the checkpoint and torch.Size([10, 640]) in the model instantiated
- classifier.bias: found shape torch.Size([1000]) in the checkpoint and torch.Size([10]) in the model instantiated
You should probably TRAIN this model on a down-stream task to be able to use it for predictions and inference.
Some weights of MobileViTForImageClassification were not initialized from the model checkpoint at apple/mobilevit-small and are newly initialized because the shapes did not match:
- classifier.weight: found shape torch.Size([1000, 640]) in the checkpoint and torch.Size([10, 640]) in the model instantiated
- classifier.bias: found shape torch.Size([1000]) in the checkpoint and torch.Size([10]) in the model instantiated
You should probably TRAIN this model on a down-stream task to be able to use it for predictions and inference.
[rank0]: Traceback (most recent call last):
[rank0]:   File "/home/ginescarrilloi/accelerate_scripts/mobilevit-train_mgpu_stats2.py", line 218, in <module>
[rank0]:     main()
[rank0]:   File "/home/ginescarrilloi/accelerate_scripts/mobilevit-train_mgpu_stats2.py", line 209, in main
[rank0]:     print(prof.key_averages().table(sort_by="cuda_time_total", row_limit=15), flush=True)
[rank0]:           ^^^^^^^^^^^^^^^^^^^
[rank0]:   File "/opt/conda/lib/python3.12/site-packages/torch/profiler/profiler.py", line 312, in key_averages
[rank0]:     assert self.profiler
[rank0]:            ^^^^^^^^^^^^^
[rank0]: AssertionError
[rank0]:[W311 19:36:20.098140766 ProcessGroupNCCL.cpp:1496] Warning: WARNING: destroy_process_group() was not called before program exit, which can leak resources. For more info, please see https://pytorch.org/docs/stable/distributed.html#shutdown (function operator())
W0311 19:36:22.639000 2805 site-packages/intel_extension_for_pytorch/utils/_logger.py:72] Sending process 2833 closing signal SIGTERM
W0311 19:36:22.643000 2805 site-packages/intel_extension_for_pytorch/utils/_logger.py:72] Sending process 2834 closing signal SIGTERM
W0311 19:36:22.659000 2805 site-packages/intel_extension_for_pytorch/utils/_logger.py:72] Sending process 2835 closing signal SIGTERM
E0311 19:36:23.110000 2805 site-packages/torch/distributed/elastic/multiprocessing/api.py:869] failed (exitcode: 1) local_rank: 0 (pid: 2832) of binary: /opt/conda/bin/python
Traceback (most recent call last):
  File "/opt/conda/bin/accelerate", line 8, in <module>
    sys.exit(main())
             ^^^^^^
  File "/opt/conda/lib/python3.12/site-packages/accelerate/commands/accelerate_cli.py", line 48, in main
    args.func(args)
  File "/opt/conda/lib/python3.12/site-packages/accelerate/commands/launch.py", line 1185, in launch_command
    multi_gpu_launcher(args)
  File "/opt/conda/lib/python3.12/site-packages/accelerate/commands/launch.py", line 810, in multi_gpu_launcher
    distrib_run.run(args)
  File "/opt/conda/lib/python3.12/site-packages/torch/distributed/run.py", line 909, in run
    elastic_launch(
  File "/opt/conda/lib/python3.12/site-packages/torch/distributed/launcher/api.py", line 138, in __call__
    return launch_agent(self._config, self._entrypoint, list(args))
           ^^^^^^^^^^^^^^^^^^^^^^^^^^^^^^^^^^^^^^^^^^^^^^^^^^^^^^^^
  File "/opt/conda/lib/python3.12/site-packages/torch/distributed/launcher/api.py", line 269, in launch_agent
    raise ChildFailedError(
torch.distributed.elastic.multiprocessing.errors.ChildFailedError: 
============================================================
/home/ginescarrilloi/accelerate_scripts/mobilevit-train_mgpu_stats2.py FAILED
------------------------------------------------------------
Failures:
  <NO_OTHER_FAILURES>
------------------------------------------------------------
Root Cause (first observed failure):
[0]:
  time      : 2026-03-11_19:36:22
  host      : slurm-static-1-53.europe-west1-b.c.scc-cloud-377009.internal
  rank      : 0 (local_rank: 0)
  exitcode  : 1 (pid: 2832)
  error_file: <N/A>
  traceback : To enable traceback see: https://pytorch.org/docs/stable/elastic/errors.html
============================================================
