NUM_PROCESSES=4
CUDA_VISIBLE_DEVICES=0,1,2,3
Multi-GPU mode enabled
Wed Mar 11 19:22:04 2026       
+-----------------------------------------------------------------------------------------+
| NVIDIA-SMI 570.124.06             Driver Version: 570.124.06     CUDA Version: 12.8     |
|-----------------------------------------+------------------------+----------------------+
| GPU  Name                 Persistence-M | Bus-Id          Disp.A | Volatile Uncorr. ECC |
| Fan  Temp   Perf          Pwr:Usage/Cap |           Memory-Usage | GPU-Util  Compute M. |
|                                         |                        |               MIG M. |
|=========================================+========================+======================|
|   0  Tesla T4                       Off |   00000000:00:04.0 Off |                    0 |
| N/A   70C    P8             14W /   70W |       1MiB /  15360MiB |      0%      Default |
|                                         |                        |                  N/A |
+-----------------------------------------+------------------------+----------------------+
|   1  Tesla T4                       Off |   00000000:00:05.0 Off |                    0 |
| N/A   70C    P8             13W /   70W |       1MiB /  15360MiB |      0%      Default |
|                                         |                        |                  N/A |
+-----------------------------------------+------------------------+----------------------+
|   2  Tesla T4                       Off |   00000000:00:06.0 Off |                    0 |
| N/A   70C    P8             18W /   70W |       1MiB /  15360MiB |      0%      Default |
|                                         |                        |                  N/A |
+-----------------------------------------+------------------------+----------------------+
|   3  Tesla T4                       Off |   00000000:00:07.0 Off |                    0 |
| N/A   68C    P8             14W /   70W |       1MiB /  15360MiB |      0%      Default |
|                                         |                        |                  N/A |
+-----------------------------------------+------------------------+----------------------+
                                                                                         
+-----------------------------------------------------------------------------------------+
| Processes:                                                                              |
|  GPU   GI   CI              PID   Type   Process name                        GPU Memory |
|        ID   ID                                                               Usage      |
|=========================================================================================|
|  No running processes found                                                             |
+-----------------------------------------------------------------------------------------+
Inside container on  slurm-static-1-56  at  Wed Mar 11 19:22:05 UTC 2026
COMMAND: accelerate launch  --multi_gpu --num_machines=1 --num_processes 4 /accelerate_scripts/mobilevit-train_mgpu_stats2.py
Epoch 1, Loss: 2.3052
Epoch 2, Loss: 2.3044
Epoch 3, Loss: 2.3048

Done. world_size=4 global_images=12288 time=52.63s global_throughput=233.5 img/s

======================================================================
[RANK 0/4] host=slurm-static-1-56 local_rank=0 device=cuda:0 gpu=Tesla T4
  local_images=3072 local_throughput=58.4 img/s
  CPU RSS: start=553.18 MiB  end=2.14 GiB  peak~=1.74 GiB
  GPU mem: alloc=160.28 MiB  reserved=6.37 GiB  peak_alloc=5.80 GiB  peak_reserved=6.37 GiB
----------------------------------------------------------------------
-------------------------------------------------------  ------------  ------------  ------------  ------------  ------------  ------------  ------------  ------------  ------------  ------------  
                                                   Name    Self CPU %      Self CPU   CPU total %     CPU total  CPU time avg     Self CUDA   Self CUDA %    CUDA total  CUDA time avg    # of Calls  
-------------------------------------------------------  ------------  ------------  ------------  ------------  ------------  ------------  ------------  ------------  ------------  ------------  
ncclDevKernel_AllReduce_Sum_f32_RING_LL(ncclDevComm*...         0.00%       0.000us         0.00%       0.000us       0.000us       10.357s        22.54%       10.357s      53.114ms           195  
                                   volta_sgemm_64x64_tn         0.00%       0.000us         0.00%       0.000us       0.000us        3.661s         7.97%        3.661s     733.452us          4992  
void cudnn::bn_bw_1C11_kernel_new<float, float, floa...         0.00%       0.000us         0.00%       0.000us       0.000us        3.402s         7.40%        3.402s       2.531ms          1344  
void cudnn::bn_fw_tr_1C11_kernel_NCHW<float, float, ...         0.00%       0.000us         0.00%       0.000us       0.000us        2.002s         4.36%        2.002s       1.489ms          1344  
void at::native::(anonymous namespace)::conv_depthwi...         0.00%       0.000us         0.00%       0.000us       0.000us        1.874s         4.08%        1.874s       4.881ms           384  
                                  volta_sgemm_128x64_nt         0.00%       0.000us         0.00%       0.000us       0.000us        1.833s         3.99%        1.833s     545.408us          3360  
void at::native::vectorized_elementwise_kernel<4, at...         0.00%       0.000us         0.00%       0.000us       0.000us        1.826s         3.97%        1.826s     613.612us          2976  
                                   volta_sgemm_64x64_nn         0.00%       0.000us         0.00%       0.000us       0.000us        1.714s         3.73%        1.714s     415.329us          4128  
void at::native::(anonymous namespace)::conv_depthwi...         0.00%       0.000us         0.00%       0.000us       0.000us        1.585s         3.45%        1.585s       2.359ms           672  
                                   volta_sgemm_64x64_nt         0.00%       0.000us         0.00%       0.000us       0.000us        1.565s         3.41%        1.565s     326.072us          4800  
void at::native::(anonymous namespace)::conv_depthwi...         0.00%       0.000us         0.00%       0.000us       0.000us        1.459s         3.18%        1.459s       5.067ms           288  
void at::native::vectorized_elementwise_kernel<4, at...         0.00%       0.000us         0.00%       0.000us       0.000us        1.303s         2.84%        1.303s     399.150us          3264  
                                  volta_sgemm_128x64_nn         0.00%       0.000us         0.00%       0.000us       0.000us        1.133s         2.46%        1.133s     737.388us          1536  
void wgrad_alg0_engine<float, 128, 6, 7, 3, 3, 5, fa...         0.00%       0.000us         0.00%       0.000us       0.000us     987.319ms         2.15%     987.319ms       3.428ms           288  
void at::native::elementwise_kernel<128, 2, at::nati...         0.00%       0.000us         0.00%       0.000us       0.000us     957.722ms         2.08%     957.722ms     103.919us          9216  
-------------------------------------------------------  ------------  ------------  ------------  ------------  ------------  ------------  ------------  ------------  ------------  ------------  
Self CPU time total: 31.853s
Self CUDA time total: 45.951s

======================================================================
======================================================================
[RANK 1/4] host=slurm-static-1-56 local_rank=1 device=cuda:1 gpu=Tesla T4
  local_images=3072 local_throughput=58.4 img/s
  CPU RSS: start=653.63 MiB  end=2.16 GiB  peak~=1.76 GiB
  GPU mem: alloc=160.28 MiB  reserved=6.37 GiB  peak_alloc=5.80 GiB  peak_reserved=6.37 GiB
----------------------------------------------------------------------
-------------------------------------------------------  ------------  ------------  ------------  ------------  ------------  ------------  ------------  ------------  ------------  ------------  
                                                   Name    Self CPU %      Self CPU   CPU total %     CPU total  CPU time avg     Self CUDA   Self CUDA %    CUDA total  CUDA time avg    # of Calls  
-------------------------------------------------------  ------------  ------------  ------------  ------------  ------------  ------------  ------------  ------------  ------------  ------------  
ncclDevKernel_AllReduce_Sum_f32_RING_LL(ncclDevComm*...         0.00%       0.000us         0.00%       0.000us       0.000us       12.440s        26.77%       12.440s      63.797ms           195  
void cudnn::bn_bw_1C11_kernel_new<float, float, floa...         0.00%       0.000us         0.00%       0.000us       0.000us        3.374s         7.26%        3.374s       2.511ms          1344  
                                   volta_sgemm_64x64_tn         0.00%       0.000us         0.00%       0.000us       0.000us        3.233s         6.96%        3.233s     647.592us          4992  
void cudnn::bn_fw_tr_1C11_kernel_NCHW<float, float, ...         0.00%       0.000us         0.00%       0.000us       0.000us        2.003s         4.31%        2.003s       1.491ms          1344  
void at::native::vectorized_elementwise_kernel<4, at...         0.00%       0.000us         0.00%       0.000us       0.000us        1.826s         3.93%        1.826s     613.614us          2976  
                                  volta_sgemm_128x64_nt         0.00%       0.000us         0.00%       0.000us       0.000us        1.620s         3.48%        1.620s     482.010us          3360  
void at::native::(anonymous namespace)::conv_depthwi...         0.00%       0.000us         0.00%       0.000us       0.000us        1.607s         3.46%        1.607s       4.184ms           384  
                                   volta_sgemm_64x64_nn         0.00%       0.000us         0.00%       0.000us       0.000us        1.537s         3.31%        1.537s     372.381us          4128  
                                   volta_sgemm_64x64_nt         0.00%       0.000us         0.00%       0.000us       0.000us        1.418s         3.05%        1.418s     295.332us          4800  
void at::native::(anonymous namespace)::conv_depthwi...         0.00%       0.000us         0.00%       0.000us       0.000us        1.410s         3.03%        1.410s       2.098ms           672  
void at::native::vectorized_elementwise_kernel<4, at...         0.00%       0.000us         0.00%       0.000us       0.000us        1.306s         2.81%        1.306s     400.179us          3264  
void at::native::(anonymous namespace)::conv_depthwi...         0.00%       0.000us         0.00%       0.000us       0.000us        1.248s         2.69%        1.248s       4.334ms           288  
                                  volta_sgemm_128x64_nn         0.00%       0.000us         0.00%       0.000us       0.000us        1.068s         2.30%        1.068s     695.124us          1536  
ncclDevKernel_Broadcast_RING_LL(ncclDevComm*, unsign...         0.00%       0.000us         0.00%       0.000us       0.000us     972.155ms         2.09%     972.155ms       4.985ms           195  
void at::native::elementwise_kernel<128, 2, at::nati...         0.00%       0.000us         0.00%       0.000us       0.000us     890.521ms         1.92%     890.521ms      96.628us          9216  
-------------------------------------------------------  ------------  ------------  ------------  ------------  ------------  ------------  ------------  ------------  ------------  ------------  
Self CPU time total: 32.557s
Self CUDA time total: 46.473s

======================================================================
======================================================================
[RANK 2/4] host=slurm-static-1-56 local_rank=2 device=cuda:2 gpu=Tesla T4
  local_images=3072 local_throughput=58.4 img/s
  CPU RSS: start=655.18 MiB  end=2.17 GiB  peak~=1.76 GiB
  GPU mem: alloc=160.28 MiB  reserved=6.37 GiB  peak_alloc=5.80 GiB  peak_reserved=6.37 GiB
----------------------------------------------------------------------
-------------------------------------------------------  ------------  ------------  ------------  ------------  ------------  ------------  ------------  ------------  ------------  ------------  
                                                   Name    Self CPU %      Self CPU   CPU total %     CPU total  CPU time avg     Self CUDA   Self CUDA %    CUDA total  CUDA time avg    # of Calls  
-------------------------------------------------------  ------------  ------------  ------------  ------------  ------------  ------------  ------------  ------------  ------------  ------------  
                                   volta_sgemm_64x64_tn         0.00%       0.000us         0.00%       0.000us       0.000us        4.719s        10.59%        4.719s     945.257us          4992  
void cudnn::bn_bw_1C11_kernel_new<float, float, floa...         0.00%       0.000us         0.00%       0.000us       0.000us        3.498s         7.85%        3.498s       2.603ms          1344  
void at::native::(anonymous namespace)::conv_depthwi...         0.00%       0.000us         0.00%       0.000us       0.000us        2.492s         5.59%        2.492s       6.488ms           384  
                                  volta_sgemm_128x64_nt         0.00%       0.000us         0.00%       0.000us       0.000us        2.287s         5.13%        2.287s     680.551us          3360  
                                   volta_sgemm_64x64_nn         0.00%       0.000us         0.00%       0.000us       0.000us        2.230s         5.00%        2.230s     540.256us          4128  
void at::native::(anonymous namespace)::conv_depthwi...         0.00%       0.000us         0.00%       0.000us       0.000us        2.088s         4.68%        2.088s       3.108ms           672  
void cudnn::bn_fw_tr_1C11_kernel_NCHW<float, float, ...         0.00%       0.000us         0.00%       0.000us       0.000us        2.006s         4.50%        2.006s       1.493ms          1344  
void at::native::(anonymous namespace)::conv_depthwi...         0.00%       0.000us         0.00%       0.000us       0.000us        1.995s         4.47%        1.995s       6.926ms           288  
                                   volta_sgemm_64x64_nt         0.00%       0.000us         0.00%       0.000us       0.000us        1.970s         4.42%        1.970s     410.475us          4800  
void at::native::vectorized_elementwise_kernel<4, at...         0.00%       0.000us         0.00%       0.000us       0.000us        1.825s         4.09%        1.825s     613.086us          2976  
ncclDevKernel_Broadcast_RING_LL(ncclDevComm*, unsign...         0.00%       0.000us         0.00%       0.000us       0.000us        1.580s         3.54%        1.580s       8.102ms           195  
                                  volta_sgemm_128x64_nn         0.00%       0.000us         0.00%       0.000us       0.000us        1.399s         3.14%        1.399s     910.796us          1536  
void at::native::vectorized_elementwise_kernel<4, at...         0.00%       0.000us         0.00%       0.000us       0.000us        1.282s         2.88%        1.282s     392.782us          3264  
void wgrad_alg0_engine<float, 128, 6, 7, 3, 3, 5, fa...         0.00%       0.000us         0.00%       0.000us       0.000us        1.262s         2.83%        1.262s       4.380ms           288  
void at::native::(anonymous namespace)::conv_depthwi...         0.00%       0.000us         0.00%       0.000us       0.000us        1.171s         2.63%        1.171s       1.742ms           672  
-------------------------------------------------------  ------------  ------------  ------------  ------------  ------------  ------------  ------------  ------------  ------------  ------------  
Self CPU time total: 33.040s
Self CUDA time total: 44.576s

======================================================================
======================================================================
[RANK 3/4] host=slurm-static-1-56 local_rank=3 device=cuda:3 gpu=Tesla T4
  local_images=3072 local_throughput=58.4 img/s
  CPU RSS: start=654.17 MiB  end=2.15 GiB  peak~=1.74 GiB
  GPU mem: alloc=160.28 MiB  reserved=6.37 GiB  peak_alloc=5.80 GiB  peak_reserved=6.37 GiB
----------------------------------------------------------------------
-------------------------------------------------------  ------------  ------------  ------------  ------------  ------------  ------------  ------------  ------------  ------------  ------------  
                                                   Name    Self CPU %      Self CPU   CPU total %     CPU total  CPU time avg     Self CUDA   Self CUDA %    CUDA total  CUDA time avg    # of Calls  
-------------------------------------------------------  ------------  ------------  ------------  ------------  ------------  ------------  ------------  ------------  ------------  ------------  
ncclDevKernel_AllReduce_Sum_f32_RING_LL(ncclDevComm*...         0.00%       0.000us         0.00%       0.000us       0.000us        7.996s        17.16%        7.996s      41.004ms           195  
                                   volta_sgemm_64x64_tn         0.00%       0.000us         0.00%       0.000us       0.000us        3.771s         8.09%        3.771s     755.498us          4992  
void cudnn::bn_bw_1C11_kernel_new<float, float, floa...         0.00%       0.000us         0.00%       0.000us       0.000us        3.409s         7.32%        3.409s       2.536ms          1344  
ncclDevKernel_Broadcast_RING_LL(ncclDevComm*, unsign...         0.00%       0.000us         0.00%       0.000us       0.000us        2.325s         4.99%        2.325s      11.924ms           195  
void cudnn::bn_fw_tr_1C11_kernel_NCHW<float, float, ...         0.00%       0.000us         0.00%       0.000us       0.000us        2.001s         4.29%        2.001s       1.489ms          1344  
void at::native::(anonymous namespace)::conv_depthwi...         0.00%       0.000us         0.00%       0.000us       0.000us        1.949s         4.18%        1.949s       5.076ms           384  
                                  volta_sgemm_128x64_nt         0.00%       0.000us         0.00%       0.000us       0.000us        1.901s         4.08%        1.901s     565.641us          3360  
void at::native::vectorized_elementwise_kernel<4, at...         0.00%       0.000us         0.00%       0.000us       0.000us        1.825s         3.92%        1.825s     613.370us          2976  
                                   volta_sgemm_64x64_nn         0.00%       0.000us         0.00%       0.000us       0.000us        1.792s         3.85%        1.792s     434.207us          4128  
                                   volta_sgemm_64x64_nt         0.00%       0.000us         0.00%       0.000us       0.000us        1.637s         3.51%        1.637s     340.998us          4800  
void at::native::(anonymous namespace)::conv_depthwi...         0.00%       0.000us         0.00%       0.000us       0.000us        1.637s         3.51%        1.637s       2.436ms           672  
void at::native::(anonymous namespace)::conv_depthwi...         0.00%       0.000us         0.00%       0.000us       0.000us        1.507s         3.24%        1.507s       5.234ms           288  
void at::native::vectorized_elementwise_kernel<4, at...         0.00%       0.000us         0.00%       0.000us       0.000us        1.301s         2.79%        1.301s     398.713us          3264  
                                  volta_sgemm_128x64_nn         0.00%       0.000us         0.00%       0.000us       0.000us        1.151s         2.47%        1.151s     749.543us          1536  
void wgrad_alg0_engine<float, 128, 6, 7, 3, 3, 5, fa...         0.00%       0.000us         0.00%       0.000us       0.000us        1.012s         2.17%        1.012s       3.514ms           288  
-------------------------------------------------------  ------------  ------------  ------------  ------------  ------------  ------------  ------------  ------------  ------------  ------------  
Self CPU time total: 33.453s
Self CUDA time total: 46.594s

======================================================================
