NUM_PROCESSES=4
CUDA_VISIBLE_DEVICES=0,1,2,3
Multi-GPU mode enabled
Wed Mar 11 11:27:03 2026       
+-----------------------------------------------------------------------------------------+
| NVIDIA-SMI 570.124.06             Driver Version: 570.124.06     CUDA Version: 12.8     |
|-----------------------------------------+------------------------+----------------------+
| GPU  Name                 Persistence-M | Bus-Id          Disp.A | Volatile Uncorr. ECC |
| Fan  Temp   Perf          Pwr:Usage/Cap |           Memory-Usage | GPU-Util  Compute M. |
|                                         |                        |               MIG M. |
|=========================================+========================+======================|
|   0  Tesla T4                       Off |   00000000:00:04.0 Off |                    0 |
| N/A   64C    P8             11W /   70W |       1MiB /  15360MiB |      0%      Default |
|                                         |                        |                  N/A |
+-----------------------------------------+------------------------+----------------------+
|   1  Tesla T4                       Off |   00000000:00:05.0 Off |                    0 |
| N/A   68C    P8             12W /   70W |       1MiB /  15360MiB |      0%      Default |
|                                         |                        |                  N/A |
+-----------------------------------------+------------------------+----------------------+
|   2  Tesla T4                       Off |   00000000:00:06.0 Off |                    0 |
| N/A   70C    P8             11W /   70W |       1MiB /  15360MiB |      0%      Default |
|                                         |                        |                  N/A |
+-----------------------------------------+------------------------+----------------------+
|   3  Tesla T4                       Off |   00000000:00:07.0 Off |                    0 |
| N/A   71C    P8             11W /   70W |       1MiB /  15360MiB |      0%      Default |
|                                         |                        |                  N/A |
+-----------------------------------------+------------------------+----------------------+
                                                                                         
+-----------------------------------------------------------------------------------------+
| Processes:                                                                              |
|  GPU   GI   CI              PID   Type   Process name                        GPU Memory |
|        ID   ID                                                               Usage      |
|=========================================================================================|
|  No running processes found                                                             |
+-----------------------------------------------------------------------------------------+
Inside container on  slurm-static-1-53  at  Wed Mar 11 11:27:04 UTC 2026
COMMAND: accelerate launch  --multi_gpu --num_machines=1 --num_processes 4 /accelerate_scripts/vit-train_mgpu_stats2.py
Epoch 1, Loss: 2.3080
Epoch 2, Loss: 2.3070
Epoch 3, Loss: 2.3066

============================================================
Done. world_size=4 global_images=12288 time=111.98s throughput=109.7 img/s
[rank=0 host=slurm-static-1-53 local_rank=0]
CPU RSS start : 553.29 MiB
CPU RSS peak  : 1.70 GiB
GPU mem alloc : 1.65 GiB
GPU mem peak  : 4.92 GiB
============================================================

-------------------------------------------------------  ------------  ------------  ------------  ------------  ------------  ------------  ------------  ------------  ------------  ------------  
                                                   Name    Self CPU %      Self CPU   CPU total %     CPU total  CPU time avg     Self CUDA   Self CUDA %    CUDA total  CUDA time avg    # of Calls  
-------------------------------------------------------  ------------  ------------  ------------  ------------  ------------  ------------  ------------  ------------  ------------  ------------  
ncclDevKernel_AllReduce_Sum_f32_RING_LL(ncclDevComm*...         0.00%       0.000us         0.00%       0.000us       0.000us       52.872s        34.35%       52.872s      42.264ms          1251  
                                  volta_sgemm_128x64_nn         0.00%       0.000us         0.00%       0.000us       0.000us       24.896s        16.17%       24.896s       3.602ms          6912  
                                  volta_sgemm_128x64_nt         0.00%       0.000us         0.00%       0.000us       0.000us       24.670s        16.03%       24.670s       3.569ms          6912  
                                 volta_sgemm_128x128_tn         0.00%       0.000us         0.00%       0.000us       0.000us       17.344s        11.27%       17.344s       7.528ms          2304  
fmha_cutlassB_f32_aligned_64x64_k64_sm75(PyTorchMemE...         0.00%       0.000us         0.00%       0.000us       0.000us       10.644s         6.92%       10.644s       9.240ms          1152  
                                  volta_sgemm_128x64_tn         0.00%       0.000us         0.00%       0.000us       0.000us        8.940s         5.81%        8.940s       1.940ms          4608  
fmha_cutlassF_f32_aligned_64x64_rf_sm75(PyTorchMemEf...         0.00%       0.000us         0.00%       0.000us       0.000us        3.265s         2.12%        3.265s       2.834ms          1152  
void at::native::vectorized_elementwise_kernel<4, at...         0.00%       0.000us         0.00%       0.000us       0.000us        1.609s         1.05%        1.609s     232.732us          6912  
void at::native::vectorized_elementwise_kernel<4, at...         0.00%       0.000us         0.00%       0.000us       0.000us        1.074s         0.70%        1.074s     932.514us          1152  
void at::native::reduce_kernel<128, 4, at::native::R...         0.00%       0.000us         0.00%       0.000us       0.000us        1.062s         0.69%        1.062s     147.479us          7200  
-------------------------------------------------------  ------------  ------------  ------------  ------------  ------------  ------------  ------------  ------------  ------------  ------------  
Self CPU time total: 98.643s
Self CUDA time total: 153.918s

